2023-08-03 10:26:59,405 INFO  [Log] Application is closed 
2023-08-03 10:27:21,920 INFO  [Log] Application is opened 
2023-08-03 10:27:22,910 INFO  [Log] Login is completed 
2023-08-03 10:27:22,967 INFO  [Log] Logout is done 
2023-08-03 10:27:23,159 INFO  [Log] Application is closed 
2023-08-03 10:31:01,974 INFO  [Log] Application is opened 
2023-08-03 10:31:02,956 INFO  [Log] Login is completed 
2023-08-03 10:31:03,042 INFO  [Log] Logout is done 
2023-08-03 10:31:03,403 INFO  [Log] Application is closed 
2023-08-03 10:31:08,994 INFO  [Log] Application is opened 
2023-08-03 10:31:10,855 INFO  [Log] Login is completed 
2023-08-03 10:31:10,980 INFO  [Log] Entered into frame 
2023-08-03 10:31:13,434 INFO  [Log] Exit from frame 
2023-08-03 10:31:13,442 INFO  [Log] Exit from frame 
2023-08-03 10:31:13,515 INFO  [Log] Logout is done 
2023-08-03 10:31:14,153 INFO  [Log] Application is closed 
2023-08-03 10:34:20,477 INFO  [Log] Application is opened 
2023-08-03 10:34:21,457 INFO  [Log] Login is completed 
2023-08-03 10:34:21,513 INFO  [Log] Logout is done 
2023-08-03 10:34:21,617 INFO  [Log] Application is closed 
2023-08-03 10:34:26,499 INFO  [Log] Application is opened 
2023-08-03 10:34:27,469 INFO  [Log] Login is completed 
2023-08-03 10:34:27,522 INFO  [Log] Entered into frame 
2023-08-03 10:34:29,548 INFO  [Log] Exit from frame 
2023-08-03 10:34:29,554 INFO  [Log] Exit from frame 
2023-08-03 10:34:29,619 INFO  [Log] Logout is done 
2023-08-03 10:34:29,802 INFO  [Log] Application is closed 
